[kaibhamann.wixsite.com/kai-hamann.html]
[static.parastorage.com/unpkg/core-js-bundle@3.2.1/minified.js]
[static.parastorage.com/unpkg/focus-within-polyfill@5.0.9/dist/focus-within-polyfill.js]
[backblue.gif]
[fade.gif]
[index.html]
[polyfill.io/v3/polyfill.mind82c.js]
[browser.sentry-cdn.com/6.18.2/bundle.min.js]
[kaibhamann.wixsite.com/decodeURIComponent(e]
[kaibhamann.wixsite.com/sitemap.xml]
[kaibhamann.wixsite.com/feed.xml]
[static.parastorage.com/services/wix-thunderbolt/dist/ab-test-compilation/thunderbolt-commons.28da9f19.bundle.min.js]
[static.parastorage.com/services/wix-thunderbolt/dist/ab-test-compilation/main.e370a1c6.bundle.min.js]
[static.parastorage.com/unpkg/lodash@4.17.21/lodash.min.js]
[static.parastorage.com/unpkg/react@16.14.0/umd/react.production.min.js]
[static.parastorage.com/services/tag-manager-client/1.427.0/siteTags.bundle.min.js]
[kaibhamann.wixsite.com/index.html]
[static.parastorage.com/services/wix-perf-measure/1.1041.0/wix-perf-measure.bundle.min.js]
[static.parastorage.com/unpkg/react-dom@16.14.0/umd/react-dom.production.min.js]
[static.parastorage.com/services/editor-elements/dist/media/sloppyframe.d6793e19.png]
[kaibhamann.wixsite.com/eec152dc.min.css]
[kaibhamann.wixsite.com/da6c52cb.min.css]
[kaibhamann.wixsite.com/7c602eb2.min.css]
[kaibhamann.wixsite.com/4da3e2b2.min.css]
[kaibhamann.wixsite.com/f52e40aa.min.css]
[kaibhamann.wixsite.com/99a6a99f.min.css]
[kaibhamann.wixsite.com/2b8b066f.min.css]
[kaibhamann.wixsite.com/64df1ce0.chunk.min.js]
[kaibhamann.wixsite.com/20a2c880.chunk.min.js]
[kaibhamann.wixsite.com/rb_wixui.thunderbolt_bootstrap-classic.2bebaae4.chunk.min.js]
[kaibhamann.wixsite.com/rb_wixui.thunderbolt_bootstrap-responsive.f3ca696f.chunk.min.css]
[kaibhamann.wixsite.com/rb_wixui.thunderbolt_bootstrap-responsive.20a2c880.chunk.min.js]
[kaibhamann.wixsite.com/rb_wixui.thunderbolt_common-site-members-dialogs.384b0b57.chunk.min.css]
[kaibhamann.wixsite.com/rb_wixui.thunderbolt_common-site-members-dialogs.02df5471.chunk.min.js]
[kaibhamann.wixsite.com/rb_wixui.thunderbolt_bootstrap.30ba8a50.chunk.min.css]
[kaibhamann.wixsite.com/rb_wixui.thunderbolt_bootstrap.64df1ce0.chunk.min.js]
[static.wixstatic.com/media/11062b_848d4460560b4e2f94a6723f390729da_mv2.jpg/v1/fill/w_147,h_98,al_c,q_80,usm_0.66_1.00_0.01,blur_2,enc_auto/11062b_848d4460560b4e2f94a6723f390729da_mv2.jpg]
[static.wixstatic.com/media/11062b_451c0858019f415eb514fde1c586f247_mv2.jpeg/v1/fill/w_123,h_82,al_c,q_80,usm_0.66_1.00_0.01,blur_2,enc_auto/11062b_451c0858019f415eb514fde1c586f247_mv2.jpg]
[kaibhamann.wixsite.com/kai-hamann/blank-1.html]
[kaibhamann.wixsite.com/kai-hamann/team-1.html]
[static.parastorage.com/services/pro-gallery-santa-wrapper/1.2739.0/staticCss.min.css]
[static.wixstatic.com/media/469e00d2afd84d4998eb3742185505b1.jpg/v1/fill/w_244,h_287,q_90/469e00d2afd84d4998eb3742185505b1.jpg]
[static.wixstatic.com/media/4d2ad5a6300843d1bb5952efa6729423.jpg/v1/fill/w_244,h_431,q_90/4d2ad5a6300843d1bb5952efa6729423.jpg]
[static.wixstatic.com/media/1fb4c0ae2d604ff8b2f97e0a53bda09f.jpg/v1/fill/w_243,h_431,q_90/1fb4c0ae2d604ff8b2f97e0a53bda09f.jpg]
[static.wixstatic.com/media/9687b5_dc2c1f3e6fd34eed8df1b49232ad66a3f003.jpg/v1/fill/w_243,h_287,q_90/9687b5_dc2c1f3e6fd34eed8df1b49232ad66a3f003.jpg]
[static.wixstatic.com/media/d5838190cba0447aa103713c99db4229.jpg/v1/fill/w_243,h_287,fp_0.18_0.63,q_90/d5838190cba0447aa103713c99db4229.jpg]
[static.wixstatic.com/media/9687b5_f8d845014d9849c8bc3c5f022377b881_mv2.jpg/v1/fill/w_244,h_431,fp_0.46_0.15,q_90/9687b5_f8d845014d9849c8bc3c5f022377b881_mv2.jpg]
[static.wixstatic.com/media/12316e44d26649c69a935420b4dbb784.jpg/v1/fill/w_244,h_287,q_90/12316e44d26649c69a935420b4dbb784.jpg]
[static.wixstatic.com/media/9dc645b2ce0445109a23ddc9a4ad0efe.jpg/v1/fill/w_244,h_287,fp_0.45_0.43,q_90/9dc645b2ce0445109a23ddc9a4ad0efe.jpg]
[static.wixstatic.com/media/4cb2411121d14cab94fb4cfb11f4f056.jpg/v1/fill/w_244,h_431,q_90/4cb2411121d14cab94fb4cfb11f4f056.jpg]
[static.wixstatic.com/media/9687b5_e019ff2845174998a4d13c858000cb6ef003.jpg/v1/fill/w_243,h_431,q_90/9687b5_e019ff2845174998a4d13c858000cb6ef003.jpg]
[static.wixstatic.com/media/c5d82b11448849f5977c06b49c5a96e6.jpg/v1/fill/w_243,h_287,q_90/c5d82b11448849f5977c06b49c5a96e6.jpg]
[kaibhamann.wixsite.com/kai-hamann.html]
[kaibhamann.wixsite.com/decodeURIComponent(e.html]
[kaibhamann.wixsite.com/sitemap.html]
[kaibhamann.wixsite.com/feed.html]
[kaibhamann.wixsite.com/index.html]
[kaibhamann.wixsite.com/eec152dc.min.html]
[kaibhamann.wixsite.com/da6c52cb.min.html]
[kaibhamann.wixsite.com/7c602eb2.min.html]
[kaibhamann.wixsite.com/4da3e2b2.min.html]
[kaibhamann.wixsite.com/f52e40aa.min.html]
[kaibhamann.wixsite.com/99a6a99f.min.html]
[kaibhamann.wixsite.com/2b8b066f.min.html]
[kaibhamann.wixsite.com/64df1ce0.chunk.min.html]
[kaibhamann.wixsite.com/20a2c880.chunk.min.html]
[kaibhamann.wixsite.com/rb_wixui.thunderbolt_bootstrap-classic.2bebaae4.chunk.min.html]
[kaibhamann.wixsite.com/rb_wixui.thunderbolt_bootstrap-responsive.f3ca696f.chunk.min.html]
[kaibhamann.wixsite.com/rb_wixui.thunderbolt_bootstrap-responsive.20a2c880.chunk.min.html]
[kaibhamann.wixsite.com/rb_wixui.thunderbolt_common-site-members-dialogs.384b0b57.chunk.min.html]
[kaibhamann.wixsite.com/rb_wixui.thunderbolt_common-site-members-dialogs.02df5471.chunk.min.html]
[kaibhamann.wixsite.com/rb_wixui.thunderbolt_bootstrap.30ba8a50.chunk.min.html]
[kaibhamann.wixsite.com/rb_wixui.thunderbolt_bootstrap.64df1ce0.chunk.min.html]
[kaibhamann.wixsite.com/kai-hamann/decodeURIComponent(e]
[kaibhamann.wixsite.com/kai-hamann/robots.txt]
[kaibhamann.wixsite.com/kai-hamann/sitemap.xml]
[kaibhamann.wixsite.com/kai-hamann/feed.xml]
[static.parastorage.com/services/wix-thunderbolt/dist/bootstrap-features.18a481af.bundle.min.js]
[static.parastorage.com/services/wix-thunderbolt/dist/main.50016913.bundle.min.js]
[kaibhamann.wixsite.com/kai-hamann/eec152dc.min.css]
[kaibhamann.wixsite.com/kai-hamann/da6c52cb.min.css]
[kaibhamann.wixsite.com/kai-hamann/version/index.html]
[kaibhamann.wixsite.com/kai-hamann/7c602eb2.min.css]
[kaibhamann.wixsite.com/kai-hamann/4da3e2b2.min.css]
[kaibhamann.wixsite.com/kai-hamann/99a6a99f.min.css]
[kaibhamann.wixsite.com/kai-hamann/2b8b066f.min.css]
[kaibhamann.wixsite.com/kai-hamann/64df1ce0.chunk.min.js]
[kaibhamann.wixsite.com/kai-hamann/20a2c880.chunk.min.js]
[kaibhamann.wixsite.com/kai-hamann/rb_wixui.thunderbolt_bootstrap-classic.2bebaae4.chunk.min.js]
[kaibhamann.wixsite.com/kai-hamann/rb_wixui.thunderbolt_bootstrap-responsive.f3ca696f.chunk.min.css]
[kaibhamann.wixsite.com/kai-hamann/rb_wixui.thunderbolt_bootstrap-responsive.20a2c880.chunk.min.js]
[kaibhamann.wixsite.com/kai-hamann/rb_wixui.thunderbolt_common-site-members-dialogs.384b0b57.chunk.min.css]
[kaibhamann.wixsite.com/kai-hamann/rb_wixui.thunderbolt_common-site-members-dialogs.02df5471.chunk.min.js]
[kaibhamann.wixsite.com/kai-hamann/rb_wixui.thunderbolt_bootstrap.30ba8a50.chunk.min.css]
[kaibhamann.wixsite.com/kai-hamann/rb_wixui.thunderbolt_bootstrap.64df1ce0.chunk.min.js]
[static.wixstatic.com/media/c7e00e0037b14973aa4cca10d675a3ec.jpg/v1/fill/w_75,h_50,al_c,q_80,usm_0.66_1.00_0.01,blur_2,enc_auto/c7e00e0037b14973aa4cca10d675a3ec.jpg]
[static.wixstatic.com/media/11062b_451c0858019f415eb514fde1c586f247_mv2.jpeg/v1/fill/w_75,h_50,al_c,q_80,usm_0.66_1.00_0.01,blur_2,enc_auto/11062b_451c0858019f415eb514fde1c586f247_mv2.jpg]
[static.wixstatic.com/media/11062b_d7fcdd7d66114ba0a780548fb32aab35_mv2.jpg/v1/fill/w_75,h_50,al_c,q_80,usm_0.66_1.00_0.01,blur_2,enc_auto/11062b_d7fcdd7d66114ba0a780548fb32aab35_mv2.jpg]
[static.wixstatic.com/media/c7e00e0037b14973aa4cca10d675a3ec.jpg/v1/fill/w_117,h_78,al_c,q_80,usm_0.66_1.00_0.01,blur_2,enc_auto/c7e00e0037b14973aa4cca10d675a3ec.jpg]
[kaibhamann.wixsite.com/kai-hamann/blank-1.html]
[static.wixstatic.com/media/a3c153_ea643fa0bec04606b8e22e51e7d510b4_mv2.jpg/v1/fill/w_122,h_91,al_c,q_80,usm_0.66_1.00_0.01,blur_2,enc_auto/a3c153_ea643fa0bec04606b8e22e51e7d510b4_mv2.jpg]
[static.wixstatic.com/media/a3c153_d272d21cf9724e17be9e01ffe7173b88_mv2.jpg/v1/fill/w_122,h_91,al_c,q_80,usm_0.66_1.00_0.01,blur_2,enc_auto/a3c153_d272d21cf9724e17be9e01ffe7173b88_mv2.jpg]
[static.wixstatic.com/media/a3c153_91dc165103f9438bbc9a0216b278a11d_mv2.jpg/v1/fill/w_122,h_91,al_c,q_80,usm_0.66_1.00_0.01,blur_2,enc_auto/a3c153_91dc165103f9438bbc9a0216b278a11d_mv2.jpg]
[static.wixstatic.com/media/a3c153_0225bd316b414eb88d3358ba488bde5e_mv2.jpg/v1/fill/w_122,h_91,al_c,q_80,usm_0.66_1.00_0.01,blur_2,enc_auto/a3c153_0225bd316b414eb88d3358ba488bde5e_mv2.jpg]
[kaibhamann.wixsite.com/kai-hamann/team-1.html]
[static.parastorage.com/services/pro-gallery-santa-wrapper/1.2739.0/staticCss.min.css]
[kaibhamann.wixsite.com/kai-hamann/decodeURIComponent(e.html]
[kaibhamann.wixsite.com/kai-hamann/robots.html]
[kaibhamann.wixsite.com/kai-hamann/feed.html]
[kaibhamann.wixsite.com/kai-hamann/version/index.html]
[kaibhamann.wixsite.com/kai-hamann/eec152dc.min.html]
[kaibhamann.wixsite.com/kai-hamann/da6c52cb.min.html]
[kaibhamann.wixsite.com/kai-hamann/7c602eb2.min.html]
[kaibhamann.wixsite.com/kai-hamann/4da3e2b2.min.html]
[kaibhamann.wixsite.com/kai-hamann/99a6a99f.min.html]
[kaibhamann.wixsite.com/kai-hamann/2b8b066f.min.html]
[kaibhamann.wixsite.com/kai-hamann/64df1ce0.chunk.min.html]
[kaibhamann.wixsite.com/kai-hamann/20a2c880.chunk.min.html]
[kaibhamann.wixsite.com/kai-hamann/rb_wixui.thunderbolt_bootstrap-classic.2bebaae4.chunk.min.html]
[kaibhamann.wixsite.com/kai-hamann/rb_wixui.thunderbolt_bootstrap-responsive.f3ca696f.chunk.min.html]
[kaibhamann.wixsite.com/kai-hamann/rb_wixui.thunderbolt_bootstrap-responsive.20a2c880.chunk.min.html]
[kaibhamann.wixsite.com/kai-hamann/rb_wixui.thunderbolt_common-site-members-dialogs.384b0b57.chunk.min.html]
[kaibhamann.wixsite.com/kai-hamann/rb_wixui.thunderbolt_common-site-members-dialogs.02df5471.chunk.min.html]
[kaibhamann.wixsite.com/kai-hamann/rb_wixui.thunderbolt_bootstrap.30ba8a50.chunk.min.html]
[kaibhamann.wixsite.com/kai-hamann/rb_wixui.thunderbolt_bootstrap.64df1ce0.chunk.min.html]
[static.parastorage.com/services/pro-gallery-santa-wrapper/1.2739.0/media/emptystate.f4c750b6.svg]
